<?xml version="1.0" encoding="UTF-8"?>
<!-- Generated by org.testng.reporters.JUnitXMLReporter -->
<testsuite ignored="0" hostname="WINDOWS-7LD1G3T" failures="5" tests="15" name="Test" time="5.641" errors="0" timestamp="2021-11-22T00:13:36 PST">
  <testcase classname="com.apitesting.testcases.TC_001_Get_All_Users" name="checkContentLength" time="0.013">
    <failure type="java.lang.NumberFormatException" message="null">
      <![CDATA[java.lang.NumberFormatException: null
at java.base/java.lang.Integer.parseInt(Integer.java:622)
at java.base/java.lang.Integer.parseInt(Integer.java:778)
at com.apitesting.testcases.TC_001_Get_All_Users.checkContentLength(TC_001_Get_All_Users.java:108)
at java.base/java.util.ArrayList.forEach(ArrayList.java:1511)
... Removed 27 stack frames]]>
    </failure>
  </testcase> <!-- checkContentLength -->
  <testcase classname="com.apitesting.testcases.TC_001_Get_All_Users" name="checkContentType" time="0.009">
    <failure type="java.lang.AssertionError" message="expected [application/json] but found [application/json; charset=utf-8]">
      <![CDATA[java.lang.AssertionError: expected [application/json] but found [application/json; charset=utf-8]
at com.apitesting.testcases.TC_001_Get_All_Users.checkContentType(TC_001_Get_All_Users.java:79)
at java.base/java.util.ArrayList.forEach(ArrayList.java:1511)
... Removed 33 stack frames]]>
    </failure>
  </testcase> <!-- checkContentType -->
  <testcase classname="com.apitesting.testcases.TC_001_Get_All_Users" name="checkCookies" time="0.003"/>
  <testcase classname="com.apitesting.testcases.TC_001_Get_All_Users" name="checkResponseBody" time="0.033"/>
  <testcase classname="com.apitesting.testcases.TC_001_Get_All_Users" name="checkResponseTime" time="0.004"/>
  <testcase classname="com.apitesting.testcases.TC_001_Get_All_Users" name="checkStatusCode" time="0.007"/>
  <testcase classname="com.apitesting.testcases.TC_001_Get_All_Users" name="checkStatusLine" time="0.002"/>
  <testcase classname="com.apitesting.testcases.TC_001_Get_All_Users" name="checkcontentEncoding" time="0.004"/>
  <testcase classname="com.apitesting.testcases.TC_001_Get_All_Users" name="checkserverType" time="0.003">
    <failure type="java.lang.AssertionError" message="expected [nginx/1.16.0] but found [cloudflare]">
      <![CDATA[java.lang.AssertionError: expected [nginx/1.16.0] but found [cloudflare]
at com.apitesting.testcases.TC_001_Get_All_Users.checkserverType(TC_001_Get_All_Users.java:89)
at java.base/java.util.ArrayList.forEach(ArrayList.java:1511)
... Removed 33 stack frames]]>
    </failure>
  </testcase> <!-- checkserverType -->
  <testcase classname="com.apitesting.testcases.TC_002_Post_createUser" name="checkResponseBody" time="0.005"/>
  <testcase classname="com.apitesting.testcases.TC_002_Post_createUser" name="checkStatusCode" time="0.003"/>
  <testcase classname="com.apitesting.testcases.TC_003_GetSingleUser" name="checkResponseBody" time="0.004"/>
  <testcase classname="com.apitesting.testcases.TC_003_GetSingleUser" name="checkStatusCode" time="0.01"/>
  <testcase classname="com.apitesting.testcases.TC_004_PutUsers" name="checkResponseBody" time="0.006">
    <failure type="java.lang.AssertionError" message="expected [true] but found [false]">
      <![CDATA[java.lang.AssertionError: expected [true] but found [false]
at com.apitesting.testcases.TC_004_PutUsers.checkResponseBody(TC_004_PutUsers.java:31)
at java.base/java.util.ArrayList.forEach(ArrayList.java:1511)
... Removed 33 stack frames]]>
    </failure>
  </testcase> <!-- checkResponseBody -->
  <testcase classname="com.apitesting.testcases.TC_004_PutUsers" name="checkStatusCode" time="0.006">
    <failure type="java.lang.AssertionError" message="expected [200] but found [201]">
      <![CDATA[java.lang.AssertionError: expected [200] but found [201]
at com.apitesting.testcases.TC_004_PutUsers.checkStatusCode(TC_004_PutUsers.java:40)
at java.base/java.util.ArrayList.forEach(ArrayList.java:1511)
... Removed 33 stack frames]]>
    </failure>
  </testcase> <!-- checkStatusCode -->
</testsuite> <!-- Test -->
