<?xml version="1.0" encoding="UTF-8"?>
<testng-results ignored="0" total="2" passed="2" failed="0" skipped="0">
  <reporter-output>
  </reporter-output>
  <suite started-at="2021-11-23T09:48:18 PST" name="Default suite" finished-at="2021-11-23T09:48:24 PST" duration-ms="5075">
    <groups>
    </groups>
    <test started-at="2021-11-23T09:48:18 PST" name="Default test" finished-at="2021-11-23T09:48:24 PST" duration-ms="5075">
      <class name="com.apitesting.testcases.TC_005_Login">
        <test-method is-config="true" signature="setup()[pri:0, instance:com.apitesting.testcases.TC_005_Login@4e91d63f]" started-at="2021-11-23T09:48:19 PST" name="setup" finished-at="2021-11-23T09:48:19 PST" duration-ms="144" status="PASS">
          <reporter-output>
          </reporter-output>
        </test-method> <!-- setup -->
        <test-method is-config="true" signature="getAllEmployees()[pri:0, instance:com.apitesting.testcases.TC_005_Login@4e91d63f]" started-at="2021-11-23T09:48:19 PST" name="getAllEmployees" finished-at="2021-11-23T09:48:23 PST" duration-ms="3863" status="PASS">
          <reporter-output>
          </reporter-output>
        </test-method> <!-- getAllEmployees -->
        <test-method signature="checkResponseBody()[pri:0, instance:com.apitesting.testcases.TC_005_Login@4e91d63f]" started-at="2021-11-23T09:48:23 PST" name="checkResponseBody" finished-at="2021-11-23T09:48:24 PST" duration-ms="1005" status="PASS">
          <reporter-output>
          </reporter-output>
        </test-method> <!-- checkResponseBody -->
        <test-method signature="checkStatusCode()[pri:0, instance:com.apitesting.testcases.TC_005_Login@4e91d63f]" started-at="2021-11-23T09:48:24 PST" name="checkStatusCode" finished-at="2021-11-23T09:48:24 PST" duration-ms="6" status="PASS">
          <reporter-output>
          </reporter-output>
        </test-method> <!-- checkStatusCode -->
        <test-method is-config="true" signature="tearDown()[pri:0, instance:com.apitesting.testcases.TC_005_Login@4e91d63f]" started-at="2021-11-23T09:48:24 PST" name="tearDown" finished-at="2021-11-23T09:48:26 PST" duration-ms="2192" status="PASS">
          <reporter-output>
          </reporter-output>
        </test-method> <!-- tearDown -->
      </class> <!-- com.apitesting.testcases.TC_005_Login -->
    </test> <!-- Default test -->
  </suite> <!-- Default suite -->
</testng-results>
